<?xml version="1.0" encoding="UTF-8"?>
<!-- Generated by org.testng.reporters.JUnitReportReporter -->
<testsuite hostname="DESKTOP-SQ41RG7" failures="0" tests="3" name="org.Test.Program1" time="15.213" errors="0" timestamp="2024-07-12T18:58:32 IST" skipped="0">
  <testcase classname="org.Test.Program1" name="verifytitle" time="4.348"/>
  <testcase classname="org.Test.Program1" name="bestseller" time="5.323"/>
  <testcase classname="org.Test.Program1" name="mobiles" time="5.542"/>
</testsuite> <!-- org.Test.Program1 -->
